C:\Program Files\Microsoft Visual Studio\2022\Community\MSBuild\Microsoft\VC\v170\Microsoft.CppBuild.targets(534,5): warning MSB8028: El directorio intermedio (x64\Debug\) contiene archivos compartidos de otro proyecto (._RT_ACG.vcxproj). Esto puede dar lugar a un comportamiento incorrecto de limpieza y recompilación.
  camera.cpp
  ortographic.cpp
  perspective.cpp
  bitmap.cpp
  eqsolver.cpp
  film.cpp
  intersection.cpp
  matrix4x4.cpp
  ray.cpp
  tester.cpp
  utils.cpp
  vector3d.cpp
  pointlightsource.cpp
  main.cpp
  material.cpp
  depthshader.cpp
  intersectionshader.cpp
  normalshader.cpp
  shader.cpp
  infiniteplan.cpp
  Generando código...
  Compilando...
  shape.cpp
  sphere.cpp
  Generando código...
  RTIS_V2.vcxproj -> C:\Users\raul\Desktop\GOA-main\VisualStudio2015\RTACG\x64\Debug\RT_ACG.exe
